10:25:44,189 (main) DEBUG [DataNucleus.General] - Using PluginRegistry org.datanucleus.plugin.NonManagedPluginRegistry
10:25:44,330 (main) DEBUG [DataNucleus.General] - Registering bundle org.sonatype.inject version 2.3.0 at URL file:/C:/Users/Pablo/.m2/repository/org/sonatype/sisu/sisu-inject-bean/2.3.0/sisu-inject-bean-2.3.0.jar.
10:25:44,455 (main) DEBUG [DataNucleus.General] - Loading extension points from plug-in file jar:file:/C:/Users/Pablo/.m2/repository/org/sonatype/sisu/sisu-inject-bean/2.3.0/sisu-inject-bean-2.3.0.jar!/plugin.xml.
10:25:44,470 (main) DEBUG [DataNucleus.General] - Loading extensions from plug-in file jar:file:/C:/Users/Pablo/.m2/repository/org/sonatype/sisu/sisu-inject-bean/2.3.0/sisu-inject-bean-2.3.0.jar!/plugin.xml.
10:25:44,486 (main) DEBUG [DataNucleus.General] - Registering bundle org.datanucleus version 5.1.8 at URL file:/C:/Users/Pablo/.m2/repository/org/datanucleus/datanucleus-core/5.1.8/datanucleus-core-5.1.8.jar.
10:25:44,501 (main) DEBUG [DataNucleus.General] - Loading extension points from plug-in file jar:file:/C:/Users/Pablo/.m2/repository/org/datanucleus/datanucleus-core/5.1.8/datanucleus-core-5.1.8.jar!/plugin.xml.
10:25:44,533 (main) DEBUG [DataNucleus.General] - Loading extensions from plug-in file jar:file:/C:/Users/Pablo/.m2/repository/org/datanucleus/datanucleus-core/5.1.8/datanucleus-core-5.1.8.jar!/plugin.xml.
10:25:44,533 (main) DEBUG [DataNucleus.General] - Registering bundle org.datanucleus.api.jdo version 5.1.5 at URL file:/C:/Users/Pablo/.m2/repository/org/datanucleus/datanucleus-api-jdo/5.1.5/datanucleus-api-jdo-5.1.5.jar.
10:25:44,548 (main) DEBUG [DataNucleus.General] - Loading extension points from plug-in file jar:file:/C:/Users/Pablo/.m2/repository/org/datanucleus/datanucleus-api-jdo/5.1.5/datanucleus-api-jdo-5.1.5.jar!/plugin.xml.
10:25:44,548 (main) DEBUG [DataNucleus.General] - Loading extensions from plug-in file jar:file:/C:/Users/Pablo/.m2/repository/org/datanucleus/datanucleus-api-jdo/5.1.5/datanucleus-api-jdo-5.1.5.jar!/plugin.xml.
10:25:44,548 (main) DEBUG [DataNucleus.General] - Registering bundle org.datanucleus.store.rdbms version 5.1.8 at URL file:/C:/Users/Pablo/.m2/repository/org/datanucleus/datanucleus-rdbms/5.1.8/datanucleus-rdbms-5.1.8.jar.
10:25:44,564 (main) DEBUG [DataNucleus.General] - Loading extension points from plug-in file jar:file:/C:/Users/Pablo/.m2/repository/org/datanucleus/datanucleus-rdbms/5.1.8/datanucleus-rdbms-5.1.8.jar!/plugin.xml.
10:25:44,580 (main) DEBUG [DataNucleus.General] - Loading extensions from plug-in file jar:file:/C:/Users/Pablo/.m2/repository/org/datanucleus/datanucleus-rdbms/5.1.8/datanucleus-rdbms-5.1.8.jar!/plugin.xml.
10:25:44,767 (main) DEBUG [DataNucleus.Persistence] - Tipos de Java inicializando ...
10:25:44,955 (main) DEBUG [DataNucleus.Persistence] - Soporte para tipos de Java listo : tipos soportados = [B, [C, [D, [F, [I, [J, [Ljava.lang.Boolean;, [Ljava.lang.Byte;, [Ljava.lang.Character;, [Ljava.lang.Double;, [Ljava.lang.Enum;, [Ljava.lang.Float;, [Ljava.lang.Integer;, [Ljava.lang.Long;, [Ljava.lang.Number;, [Ljava.lang.Object;, [Ljava.lang.Short;, [Ljava.lang.String;, [Ljava.math.BigDecimal;, [Ljava.math.BigInteger;, [Ljava.util.Date;, [Ljava.util.Locale;, [S, [Z, boolean, byte, char, double, float, int, java.awt.Color, java.awt.image.BufferedImage, java.lang.Boolean, java.lang.Byte, java.lang.Character, java.lang.Class, java.lang.Double, java.lang.Enum, java.lang.Float, java.lang.Integer, java.lang.Long, java.lang.Number, java.lang.Short, java.lang.String, java.lang.StringBuffer, java.lang.StringBuilder, java.math.BigDecimal, java.math.BigInteger, java.net.URI, java.net.URL, java.sql.Date, java.sql.Time, java.sql.Timestamp, java.time.Duration, java.time.Instant, java.time.LocalDate, java.time.LocalDateTime, java.time.LocalTime, java.time.MonthDay, java.time.OffsetDateTime, java.time.OffsetTime, java.time.Period, java.time.Year, java.time.YearMonth, java.time.ZonedDateTime, java.time.ZoneId, java.time.ZoneOffset, java.util.ArrayList, java.util.Arrays$ArrayList, java.util.BitSet, java.util.Calendar, java.util.Collection, java.util.Currency, java.util.Date, java.util.GregorianCalendar, java.util.HashMap, java.util.HashSet, java.util.Hashtable, java.util.LinkedHashMap, java.util.LinkedHashSet, java.util.LinkedList, java.util.List, java.util.Locale, java.util.Map, java.util.Optional, java.util.PriorityQueue, java.util.Properties, java.util.Queue, java.util.Set, java.util.SortedMap, java.util.SortedSet, java.util.Stack, java.util.TimeZone, java.util.TreeMap, java.util.TreeSet, java.util.UUID, java.util.Vector, long, short
10:25:44,986 (main) DEBUG [DataNucleus.MetaData] - MetaDataManager : Input=(XML,Annotations), XML-Validation=false, XML-Suffices=(persistence=*.jdo, orm=orm, query=*.jdoquery), JDO-listener=false
10:25:44,986 (main) INFO  [DataNucleus.Enhancer] - DataNucleus Enhancer (versión 5.1.8) para el API "JDO" utilisando el JRE "{2}"
10:25:44,986 (main) DEBUG [DataNucleus.Enhancer] - DataNucleus Enhancer : Classpath
10:25:45,001 (main) DEBUG [DataNucleus.Enhancer] - >>  C:\Users\Pablo\.m2\repository\org\datanucleus\datanucleus-maven-plugin\5.0.2\datanucleus-maven-plugin-5.0.2.jar
10:25:45,001 (main) DEBUG [DataNucleus.Enhancer] - >>  C:\Users\Pablo\.m2\repository\org\codehaus\plexus\plexus-utils\3.0.8\plexus-utils-3.0.8.jar
10:25:45,001 (main) DEBUG [DataNucleus.Enhancer] - >>  C:\Users\Pablo\.m2\repository\org\apache\maven\maven-artifact\3.0.4\maven-artifact-3.0.4.jar
10:25:45,001 (main) DEBUG [DataNucleus.Enhancer] - >>  C:\Users\Pablo\.m2\repository\org\apache\maven\maven-plugin-api\3.0.4\maven-plugin-api-3.0.4.jar
10:25:45,001 (main) DEBUG [DataNucleus.Enhancer] - >>  C:\Users\Pablo\.m2\repository\org\apache\maven\maven-model\3.0.4\maven-model-3.0.4.jar
10:25:45,001 (main) DEBUG [DataNucleus.Enhancer] - >>  C:\Users\Pablo\.m2\repository\org\sonatype\sisu\sisu-inject-plexus\2.3.0\sisu-inject-plexus-2.3.0.jar
10:25:45,001 (main) DEBUG [DataNucleus.Enhancer] - >>  C:\Users\Pablo\.m2\repository\org\codehaus\plexus\plexus-component-annotations\1.5.5\plexus-component-annotations-1.5.5.jar
10:25:45,001 (main) DEBUG [DataNucleus.Enhancer] - >>  C:\Users\Pablo\.m2\repository\org\sonatype\sisu\sisu-inject-bean\2.3.0\sisu-inject-bean-2.3.0.jar
10:25:45,001 (main) DEBUG [DataNucleus.Enhancer] - >>  C:\Users\Pablo\.m2\repository\org\sonatype\sisu\sisu-guice\3.1.0\sisu-guice-3.1.0-no_aop.jar
10:25:45,001 (main) DEBUG [DataNucleus.Enhancer] - >>  C:\Users\Pablo\.m2\repository\org\sonatype\sisu\sisu-guava\0.9.9\sisu-guava-0.9.9.jar
10:25:45,001 (main) DEBUG [DataNucleus.Enhancer] - >>  C:\Users\Pablo\.m2\repository\org\codehaus\plexus\plexus-container-default\1.5.5\plexus-container-default-1.5.5.jar
10:25:45,001 (main) DEBUG [DataNucleus.Enhancer] - >>  C:\Users\Pablo\.m2\repository\org\codehaus\plexus\plexus-classworlds\2.2.2\plexus-classworlds-2.2.2.jar
10:25:45,001 (main) DEBUG [DataNucleus.Enhancer] - >>  C:\Users\Pablo\.m2\repository\org\apache\xbean\xbean-reflect\3.4\xbean-reflect-3.4.jar
10:25:45,001 (main) DEBUG [DataNucleus.Enhancer] - >>  C:\Users\Pablo\.m2\repository\log4j\log4j\1.2.12\log4j-1.2.12.jar
10:25:45,001 (main) DEBUG [DataNucleus.Enhancer] - >>  C:\Users\Pablo\.m2\repository\commons-logging\commons-logging-api\1.1\commons-logging-api-1.1.jar
10:25:45,001 (main) DEBUG [DataNucleus.Enhancer] - >>  C:\Users\Pablo\.m2\repository\com\google\collections\google-collections\1.0\google-collections-1.0.jar
10:25:45,001 (main) DEBUG [DataNucleus.Enhancer] - >>  C:\Users\Pablo\.m2\repository\junit\junit\3.8.2\junit-3.8.2.jar
10:25:45,001 (main) DEBUG [DataNucleus.Enhancer] - >>  C:\Users\Pablo\Desktop\Deusto\3º\2ºsemestre\Quality\BankingSystem\target\classes
10:25:45,001 (main) DEBUG [DataNucleus.Enhancer] - >>  C:\Users\Pablo\.m2\repository\org\datanucleus\datanucleus-core\5.1.8\datanucleus-core-5.1.8.jar
10:25:45,001 (main) DEBUG [DataNucleus.Enhancer] - >>  C:\Users\Pablo\.m2\repository\org\datanucleus\datanucleus-api-jdo\5.1.5\datanucleus-api-jdo-5.1.5.jar
10:25:45,001 (main) DEBUG [DataNucleus.Enhancer] - >>  C:\Users\Pablo\.m2\repository\org\datanucleus\datanucleus-rdbms\5.1.8\datanucleus-rdbms-5.1.8.jar
10:25:45,001 (main) DEBUG [DataNucleus.Enhancer] - >>  C:\Users\Pablo\.m2\repository\org\datanucleus\javax.jdo\3.2.0-m8\javax.jdo-3.2.0-m8.jar
10:25:45,001 (main) DEBUG [DataNucleus.Enhancer] - >>  C:\Users\Pablo\.m2\repository\javax\transaction\transaction-api\1.1\transaction-api-1.1.jar
10:25:45,001 (main) DEBUG [DataNucleus.Enhancer] - >>  C:\Users\Pablo\.m2\repository\mysql\mysql-connector-java\5.1.45\mysql-connector-java-5.1.45.jar
10:25:45,001 (main) DEBUG [DataNucleus.Enhancer] - >>  C:\Users\Pablo\.m2\repository\org\mockito\mockito-core\2.18.0\mockito-core-2.18.0.jar
10:25:45,001 (main) DEBUG [DataNucleus.Enhancer] - >>  C:\Users\Pablo\.m2\repository\net\bytebuddy\byte-buddy\1.8.3\byte-buddy-1.8.3.jar
10:25:45,001 (main) DEBUG [DataNucleus.Enhancer] - >>  C:\Users\Pablo\.m2\repository\net\bytebuddy\byte-buddy-agent\1.8.3\byte-buddy-agent-1.8.3.jar
10:25:45,001 (main) DEBUG [DataNucleus.Enhancer] - >>  C:\Users\Pablo\.m2\repository\org\objenesis\objenesis\2.6\objenesis-2.6.jar
10:25:45,001 (main) DEBUG [DataNucleus.Enhancer] - >>  C:\Users\Pablo\.m2\repository\log4j\log4j\1.2.17\log4j-1.2.17.jar
10:25:45,001 (main) DEBUG [DataNucleus.Enhancer] - Reading fileListFile: C:\Users\Pablo\AppData\Local\Temp\enhancer-1819742977240504384.flf
10:25:45,001 (main) DEBUG [DataNucleus.Enhancer] - Enhancing classes
10:25:45,017 (main) DEBUG [DataNucleus.MetaData] - MetaData Management : Carga de Metadata de las clases "[es.deusto.client.Client, es.deusto.server.dao.IUserDAO, es.deusto.server.dao.UserDAO, es.deusto.server.data.Message, es.deusto.server.data.User, es.deusto.server.remote.IMessenger, es.deusto.server.remote.Messenger, es.deusto.server.Server]" ...
10:25:45,033 (main) DEBUG [DataNucleus.MetaData] - No encontramos el MetaData del tipo "jdo" por la clase "es.deusto.client.Client" en /META-INF/package.jdo
10:25:45,033 (main) DEBUG [DataNucleus.MetaData] - No encontramos el MetaData del tipo "jdo" por la clase "es.deusto.client.Client" en /WEB-INF/package.jdo
10:25:45,033 (main) DEBUG [DataNucleus.MetaData] - No encontramos el MetaData del tipo "jdo" por la clase "es.deusto.client.Client" en /package.jdo
10:25:45,033 (main) DEBUG [DataNucleus.MetaData] - No encontramos el MetaData del tipo "jdo" por la clase "es.deusto.client.Client" en /es/package.jdo
10:25:45,033 (main) DEBUG [DataNucleus.MetaData] - No encontramos el MetaData del tipo "jdo" por la clase "es.deusto.client.Client" en /es/deusto/package.jdo
10:25:45,033 (main) DEBUG [DataNucleus.MetaData] - No encontramos el MetaData del tipo "jdo" por la clase "es.deusto.client.Client" en /es/deusto/client/package.jdo
10:25:45,033 (main) DEBUG [DataNucleus.MetaData] - No encontramos el MetaData del tipo "jdo" por la clase "es.deusto.client.Client" en /es/deusto/client/Client.jdo
10:25:45,033 (main) DEBUG [DataNucleus.MetaData] - No hemos encontrado el MetaData del tipo "jdo" por la clase "es.deusto.client.Client"
10:25:45,033 (main) DEBUG [DataNucleus.MetaData] - Registrando la clase "es.deusto.client.Client" no tener Meta-Data
10:25:45,033 (main) DEBUG [DataNucleus.MetaData] - La clase "es.deusto.client.Client" no tiene MetaData o annotaciones.
10:25:45,048 (main) DEBUG [DataNucleus.MetaData] - No encontramos el MetaData del tipo "jdo" por la clase "es.deusto.server.dao.IUserDAO" en /META-INF/package.jdo
10:25:45,048 (main) DEBUG [DataNucleus.MetaData] - No encontramos el MetaData del tipo "jdo" por la clase "es.deusto.server.dao.IUserDAO" en /WEB-INF/package.jdo
10:25:45,048 (main) DEBUG [DataNucleus.MetaData] - No encontramos el MetaData del tipo "jdo" por la clase "es.deusto.server.dao.IUserDAO" en /package.jdo
10:25:45,048 (main) DEBUG [DataNucleus.MetaData] - No encontramos el MetaData del tipo "jdo" por la clase "es.deusto.server.dao.IUserDAO" en /es/package.jdo
10:25:45,048 (main) DEBUG [DataNucleus.MetaData] - No encontramos el MetaData del tipo "jdo" por la clase "es.deusto.server.dao.IUserDAO" en /es/deusto/package.jdo
10:25:45,048 (main) DEBUG [DataNucleus.MetaData] - No encontramos el MetaData del tipo "jdo" por la clase "es.deusto.server.dao.IUserDAO" en /es/deusto/server/package.jdo
10:25:45,048 (main) DEBUG [DataNucleus.MetaData] - No encontramos el MetaData del tipo "jdo" por la clase "es.deusto.server.dao.IUserDAO" en /es/deusto/server/dao/package.jdo
10:25:45,048 (main) DEBUG [DataNucleus.MetaData] - No encontramos el MetaData del tipo "jdo" por la clase "es.deusto.server.dao.IUserDAO" en /es/deusto/server/dao/IUserDAO.jdo
10:25:45,048 (main) DEBUG [DataNucleus.MetaData] - No hemos encontrado el MetaData del tipo "jdo" por la clase "es.deusto.server.dao.IUserDAO"
10:25:45,048 (main) DEBUG [DataNucleus.MetaData] - Registrando la clase "es.deusto.server.dao.IUserDAO" no tener Meta-Data
10:25:45,048 (main) DEBUG [DataNucleus.MetaData] - La clase "es.deusto.server.dao.IUserDAO" no tiene MetaData o annotaciones.
10:25:45,048 (main) DEBUG [DataNucleus.MetaData] - No encontramos el MetaData del tipo "jdo" por la clase "es.deusto.server.dao.UserDAO" en /META-INF/package.jdo
10:25:45,048 (main) DEBUG [DataNucleus.MetaData] - No encontramos el MetaData del tipo "jdo" por la clase "es.deusto.server.dao.UserDAO" en /WEB-INF/package.jdo
10:25:45,048 (main) DEBUG [DataNucleus.MetaData] - No encontramos el MetaData del tipo "jdo" por la clase "es.deusto.server.dao.UserDAO" en /package.jdo
10:25:45,048 (main) DEBUG [DataNucleus.MetaData] - No encontramos el MetaData del tipo "jdo" por la clase "es.deusto.server.dao.UserDAO" en /es/package.jdo
10:25:45,048 (main) DEBUG [DataNucleus.MetaData] - No encontramos el MetaData del tipo "jdo" por la clase "es.deusto.server.dao.UserDAO" en /es/deusto/package.jdo
10:25:45,048 (main) DEBUG [DataNucleus.MetaData] - No encontramos el MetaData del tipo "jdo" por la clase "es.deusto.server.dao.UserDAO" en /es/deusto/server/package.jdo
10:25:45,048 (main) DEBUG [DataNucleus.MetaData] - No encontramos el MetaData del tipo "jdo" por la clase "es.deusto.server.dao.UserDAO" en /es/deusto/server/dao/package.jdo
10:25:45,048 (main) DEBUG [DataNucleus.MetaData] - No encontramos el MetaData del tipo "jdo" por la clase "es.deusto.server.dao.UserDAO" en /es/deusto/server/dao/UserDAO.jdo
10:25:45,048 (main) DEBUG [DataNucleus.MetaData] - No hemos encontrado el MetaData del tipo "jdo" por la clase "es.deusto.server.dao.UserDAO"
10:25:45,048 (main) DEBUG [DataNucleus.MetaData] - Registrando la clase "es.deusto.server.dao.UserDAO" no tener Meta-Data
10:25:45,048 (main) DEBUG [DataNucleus.MetaData] - La clase "es.deusto.server.dao.UserDAO" no tiene MetaData o annotaciones.
10:25:45,251 (main) DEBUG [DataNucleus.MetaData] - Clase "es.deusto.server.data.Message" tiene anotaciones de JDO y vamos a usarlas.
10:25:45,251 (main) DEBUG [DataNucleus.MetaData] - Clase "es.deusto.server.data.User" tiene anotaciones de JDO y vamos a usarlas.
10:25:45,314 (main) DEBUG [DataNucleus.MetaData] - No encontramos el MetaData del tipo "jdo" por la clase "es.deusto.server.remote.IMessenger" en /META-INF/package.jdo
10:25:45,330 (main) DEBUG [DataNucleus.MetaData] - No encontramos el MetaData del tipo "jdo" por la clase "es.deusto.server.remote.IMessenger" en /WEB-INF/package.jdo
10:25:45,330 (main) DEBUG [DataNucleus.MetaData] - No encontramos el MetaData del tipo "jdo" por la clase "es.deusto.server.remote.IMessenger" en /package.jdo
10:25:45,330 (main) DEBUG [DataNucleus.MetaData] - No encontramos el MetaData del tipo "jdo" por la clase "es.deusto.server.remote.IMessenger" en /es/package.jdo
10:25:45,330 (main) DEBUG [DataNucleus.MetaData] - No encontramos el MetaData del tipo "jdo" por la clase "es.deusto.server.remote.IMessenger" en /es/deusto/package.jdo
10:25:45,330 (main) DEBUG [DataNucleus.MetaData] - No encontramos el MetaData del tipo "jdo" por la clase "es.deusto.server.remote.IMessenger" en /es/deusto/server/package.jdo
10:25:45,330 (main) DEBUG [DataNucleus.MetaData] - No encontramos el MetaData del tipo "jdo" por la clase "es.deusto.server.remote.IMessenger" en /es/deusto/server/remote/package.jdo
10:25:45,330 (main) DEBUG [DataNucleus.MetaData] - No encontramos el MetaData del tipo "jdo" por la clase "es.deusto.server.remote.IMessenger" en /es/deusto/server/remote/IMessenger.jdo
10:25:45,330 (main) DEBUG [DataNucleus.MetaData] - No hemos encontrado el MetaData del tipo "jdo" por la clase "es.deusto.server.remote.IMessenger"
10:25:45,330 (main) DEBUG [DataNucleus.MetaData] - Registrando la clase "es.deusto.server.remote.IMessenger" no tener Meta-Data
10:25:45,330 (main) DEBUG [DataNucleus.MetaData] - La clase "es.deusto.server.remote.IMessenger" no tiene MetaData o annotaciones.
10:25:45,330 (main) DEBUG [DataNucleus.MetaData] - No encontramos el MetaData del tipo "jdo" por la clase "es.deusto.server.remote.Messenger" en /META-INF/package.jdo
10:25:45,330 (main) DEBUG [DataNucleus.MetaData] - No encontramos el MetaData del tipo "jdo" por la clase "es.deusto.server.remote.Messenger" en /WEB-INF/package.jdo
10:25:45,330 (main) DEBUG [DataNucleus.MetaData] - No encontramos el MetaData del tipo "jdo" por la clase "es.deusto.server.remote.Messenger" en /package.jdo
10:25:45,330 (main) DEBUG [DataNucleus.MetaData] - No encontramos el MetaData del tipo "jdo" por la clase "es.deusto.server.remote.Messenger" en /es/package.jdo
10:25:45,330 (main) DEBUG [DataNucleus.MetaData] - No encontramos el MetaData del tipo "jdo" por la clase "es.deusto.server.remote.Messenger" en /es/deusto/package.jdo
10:25:45,330 (main) DEBUG [DataNucleus.MetaData] - No encontramos el MetaData del tipo "jdo" por la clase "es.deusto.server.remote.Messenger" en /es/deusto/server/package.jdo
10:25:45,330 (main) DEBUG [DataNucleus.MetaData] - No encontramos el MetaData del tipo "jdo" por la clase "es.deusto.server.remote.Messenger" en /es/deusto/server/remote/package.jdo
10:25:45,330 (main) DEBUG [DataNucleus.MetaData] - No encontramos el MetaData del tipo "jdo" por la clase "es.deusto.server.remote.Messenger" en /es/deusto/server/remote/Messenger.jdo
10:25:45,330 (main) DEBUG [DataNucleus.MetaData] - No hemos encontrado el MetaData del tipo "jdo" por la clase "es.deusto.server.remote.Messenger"
10:25:45,330 (main) DEBUG [DataNucleus.MetaData] - Registrando la clase "es.deusto.server.remote.Messenger" no tener Meta-Data
10:25:45,330 (main) DEBUG [DataNucleus.MetaData] - La clase "es.deusto.server.remote.Messenger" no tiene MetaData o annotaciones.
10:25:45,330 (main) DEBUG [DataNucleus.MetaData] - No encontramos el MetaData del tipo "jdo" por la clase "es.deusto.server.Server" en /META-INF/package.jdo
10:25:45,330 (main) DEBUG [DataNucleus.MetaData] - No encontramos el MetaData del tipo "jdo" por la clase "es.deusto.server.Server" en /WEB-INF/package.jdo
10:25:45,330 (main) DEBUG [DataNucleus.MetaData] - No encontramos el MetaData del tipo "jdo" por la clase "es.deusto.server.Server" en /package.jdo
10:25:45,330 (main) DEBUG [DataNucleus.MetaData] - No encontramos el MetaData del tipo "jdo" por la clase "es.deusto.server.Server" en /es/package.jdo
10:25:45,330 (main) DEBUG [DataNucleus.MetaData] - No encontramos el MetaData del tipo "jdo" por la clase "es.deusto.server.Server" en /es/deusto/package.jdo
10:25:45,330 (main) DEBUG [DataNucleus.MetaData] - No encontramos el MetaData del tipo "jdo" por la clase "es.deusto.server.Server" en /es/deusto/server/package.jdo
10:25:45,330 (main) DEBUG [DataNucleus.MetaData] - No encontramos el MetaData del tipo "jdo" por la clase "es.deusto.server.Server" en /es/deusto/server/Server.jdo
10:25:45,330 (main) DEBUG [DataNucleus.MetaData] - No hemos encontrado el MetaData del tipo "jdo" por la clase "es.deusto.server.Server"
10:25:45,330 (main) DEBUG [DataNucleus.MetaData] - Registrando la clase "es.deusto.server.Server" no tener Meta-Data
10:25:45,330 (main) DEBUG [DataNucleus.MetaData] - La clase "es.deusto.server.Server" no tiene MetaData o annotaciones.
10:25:45,330 (main) DEBUG [DataNucleus.MetaData] - Populación del MetaData ...
10:25:45,330 (main) DEBUG [DataNucleus.MetaData] - Clase "es.deusto.server.data.Message" : Populando Meta-Data
10:25:45,330 (main) DEBUG [DataNucleus.MetaData] - Clase "es.deusto.server.data.Message" campo "user" : añadiendo el Meta-Data por el campo como no estaba en la definición de Meta-Data.
10:25:45,330 (main) DEBUG [DataNucleus.MetaData] - Clase "es.deusto.server.data.Message" campo "text" : añadiendo el Meta-Data por el campo como no estaba en la definición de Meta-Data.
10:25:45,330 (main) DEBUG [DataNucleus.MetaData] - Clase "es.deusto.server.data.Message" campo "timestamp" : añadiendo el Meta-Data por el campo como no estaba en la definición de Meta-Data.
10:25:45,330 (main) DEBUG [DataNucleus.MetaData] - Clase "es.deusto.server.data.User" : Populando Meta-Data
10:25:45,330 (main) DEBUG [DataNucleus.MetaData] - Clase "es.deusto.server.data.User" campo "password" : añadiendo el Meta-Data por el campo como no estaba en la definición de Meta-Data.
10:25:45,330 (main) DEBUG [DataNucleus.MetaData] - Inicialisación del MetaData ...
10:25:45,345 (main) DEBUG [DataNucleus.MetaData] - Clase "es.deusto.server.data.Message" : Inicializando Meta-Data
10:25:45,345 (main) DEBUG [DataNucleus.MetaData] - Clase "es.deusto.server.data.User" : Inicializando Meta-Data
10:25:45,345 (main) DEBUG [DataNucleus.MetaData] - MetaData Management : Carga de Metadata ya ha terminado
10:25:45,345 (main) DEBUG [DataNucleus.Enhancer] - Enhance de la clase "es.deusto.server.data.Message" empezando ...
10:25:45,361 (main) DEBUG [DataNucleus.Enhancer] - La clase "es.deusto.server.data.Message" no implementa el interfaz "org.datanucleus.enhancement.Persistable"!
10:25:45,361 (main) DEBUG [DataNucleus.Enhancer] - La clase "es.deusto.server.data.Message" no tiene el campo "dnStateManager" pero lo necesita
10:25:45,361 (main) DEBUG [DataNucleus.Enhancer] - La clase "es.deusto.server.data.Message" no tiene el campo "dnInheritedFieldCount" pero lo necesita
10:25:45,361 (main) DEBUG [DataNucleus.Enhancer] - La clase "es.deusto.server.data.Message" no tiene el campo "dnFlags" pero lo necesita
10:25:45,361 (main) DEBUG [DataNucleus.Enhancer] - La clase "es.deusto.server.data.Message" no tiene el campo "dnFieldTypes" pero lo necesita
10:25:45,361 (main) DEBUG [DataNucleus.Enhancer] - La clase "es.deusto.server.data.Message" no tiene el campo "dnFieldNames" pero lo necesita
10:25:45,361 (main) DEBUG [DataNucleus.Enhancer] - La clase "es.deusto.server.data.Message" no tiene el campo "dnFieldFlags" pero lo necesita
10:25:45,361 (main) DEBUG [DataNucleus.Enhancer] - La clase "es.deusto.server.data.Message" no tiene el campo "dnPersistableSuperclass" pero lo necesita
10:25:45,361 (main) DEBUG [DataNucleus.Enhancer] - La clase "es.deusto.server.data.Message" no tiene el metodo "dnReplaceField" pero lo necesita
10:25:45,361 (main) DEBUG [DataNucleus.Enhancer] - La clase "es.deusto.server.data.Message" no tiene el metodo "dnGetStateManager" pero lo necesita
10:25:45,361 (main) DEBUG [DataNucleus.Enhancer] - La clase "es.deusto.server.data.Message" no tiene el metodo "dnIsTransactional" pero lo necesita
10:25:45,361 (main) DEBUG [DataNucleus.Enhancer] - La clase "es.deusto.server.data.Message" no tiene el metodo "dnNewInstance" pero lo necesita
10:25:45,361 (main) DEBUG [DataNucleus.Enhancer] - La clase "es.deusto.server.data.Message" no tiene el metodo "dnNewInstance" pero lo necesita
10:25:45,361 (main) DEBUG [DataNucleus.Enhancer] - La clase "es.deusto.server.data.Message" no tiene el metodo "dnSuperClone" pero lo necesita
10:25:45,361 (main) DEBUG [DataNucleus.Enhancer] - La clase "es.deusto.server.data.Message" no tiene el metodo "dnProvideFields" pero lo necesita
10:25:45,361 (main) DEBUG [DataNucleus.Enhancer] - La clase "es.deusto.server.data.Message" no tiene el metodo "___dn$loadClass" pero lo necesita
10:25:45,361 (main) DEBUG [DataNucleus.Enhancer] - La clase "es.deusto.server.data.Message" no tiene el metodo "dnGetManagedFieldCount" pero lo necesita
10:25:45,361 (main) DEBUG [DataNucleus.Enhancer] - La clase "es.deusto.server.data.Message" no tiene el metodo "dnIsDirty" pero lo necesita
10:25:45,361 (main) DEBUG [DataNucleus.Enhancer] - La clase "es.deusto.server.data.Message" no tiene el metodo "dnReplaceStateManager" pero lo necesita
10:25:45,361 (main) DEBUG [DataNucleus.Enhancer] - La clase "es.deusto.server.data.Message" no tiene el metodo "dnReplaceFlags" pero lo necesita
10:25:45,361 (main) DEBUG [DataNucleus.Enhancer] - La clase "es.deusto.server.data.Message" no tiene el metodo "dnIsDetached" pero lo necesita
10:25:45,361 (main) DEBUG [DataNucleus.Enhancer] - La clase "es.deusto.server.data.Message" no tiene el metodo "dnMakeDirty" pero lo necesita
10:25:45,361 (main) DEBUG [DataNucleus.Enhancer] - La clase "es.deusto.server.data.Message" no tiene el metodo "__dnPersistableSuperclassInit" pero lo necesita
10:25:45,361 (main) DEBUG [DataNucleus.Enhancer] - La clase "es.deusto.server.data.Message" no tiene el metodo "dnIsDeleted" pero lo necesita
10:25:45,361 (main) DEBUG [DataNucleus.Enhancer] - La clase "es.deusto.server.data.Message" no tiene el metodo "__dnFieldFlagsInit" pero lo necesita
10:25:45,361 (main) DEBUG [DataNucleus.Enhancer] - La clase "es.deusto.server.data.Message" no tiene el metodo "__dnFieldTypesInit" pero lo necesita
10:25:45,361 (main) DEBUG [DataNucleus.Enhancer] - La clase "es.deusto.server.data.Message" no tiene el metodo "dnProvideField" pero lo necesita
10:25:45,361 (main) DEBUG [DataNucleus.Enhancer] - La clase "es.deusto.server.data.Message" no tiene el metodo "dnPreSerialize" pero lo necesita
10:25:45,361 (main) DEBUG [DataNucleus.Enhancer] - La clase "es.deusto.server.data.Message" no tiene el metodo "dnGetObjectId" pero lo necesita
10:25:45,361 (main) DEBUG [DataNucleus.Enhancer] - La clase "es.deusto.server.data.Message" no tiene el metodo "dnGetVersion" pero lo necesita
10:25:45,361 (main) DEBUG [DataNucleus.Enhancer] - La clase "es.deusto.server.data.Message" no tiene el metodo "dnGetTransactionalObjectId" pero lo necesita
10:25:45,361 (main) DEBUG [DataNucleus.Enhancer] - La clase "es.deusto.server.data.Message" no tiene el metodo "dnIsNew" pero lo necesita
10:25:45,376 (main) DEBUG [DataNucleus.Enhancer] - La clase "es.deusto.server.data.Message" no tiene el metodo "dnCopyKeyFieldsToObjectId" pero lo necesita
10:25:45,376 (main) DEBUG [DataNucleus.Enhancer] - La clase "es.deusto.server.data.Message" no tiene el metodo "dnCopyKeyFieldsToObjectId" pero lo necesita
10:25:45,376 (main) DEBUG [DataNucleus.Enhancer] - La clase "es.deusto.server.data.Message" no tiene el metodo "dnCopyField" pero lo necesita
10:25:45,376 (main) DEBUG [DataNucleus.Enhancer] - La clase "es.deusto.server.data.Message" no tiene el metodo "dnCopyKeyFieldsFromObjectId" pero lo necesita
10:25:45,376 (main) DEBUG [DataNucleus.Enhancer] - La clase "es.deusto.server.data.Message" no tiene el metodo "dnCopyKeyFieldsFromObjectId" pero lo necesita
10:25:45,376 (main) DEBUG [DataNucleus.Enhancer] - La clase "es.deusto.server.data.Message" no tiene el metodo "dnGetExecutionContext" pero lo necesita
10:25:45,376 (main) DEBUG [DataNucleus.Enhancer] - La clase "es.deusto.server.data.Message" no tiene el metodo "dnCopyFields" pero lo necesita
10:25:45,376 (main) DEBUG [DataNucleus.Enhancer] - La clase "es.deusto.server.data.Message" no tiene el metodo "__dnGetInheritedFieldCount" pero lo necesita
10:25:45,376 (main) DEBUG [DataNucleus.Enhancer] - La clase "es.deusto.server.data.Message" no tiene el metodo "dnNewObjectIdInstance" pero lo necesita
10:25:45,376 (main) DEBUG [DataNucleus.Enhancer] - La clase "es.deusto.server.data.Message" no tiene el metodo "dnNewObjectIdInstance" pero lo necesita
10:25:45,376 (main) DEBUG [DataNucleus.Enhancer] - La clase "es.deusto.server.data.Message" no tiene el metodo "dnIsPersistent" pero lo necesita
10:25:45,376 (main) DEBUG [DataNucleus.Enhancer] - La clase "es.deusto.server.data.Message" no tiene el metodo "dnReplaceFields" pero lo necesita
10:25:45,376 (main) DEBUG [DataNucleus.Enhancer] - La clase "es.deusto.server.data.Message" no tiene el metodo "__dnFieldNamesInit" pero lo necesita
10:25:45,376 (main) DEBUG [DataNucleus.Enhancer] - Agregando el interfaz: org.datanucleus.enhancement.Persistable
10:25:45,376 (main) DEBUG [DataNucleus.Enhancer] - Enhancing metodo original es.deusto.server.data.Message.<init> : ignorando enhance de set del campo "es.deusto.server.data.Message.user"
10:25:45,376 (main) DEBUG [DataNucleus.Enhancer] - Enhancing metodo original es.deusto.server.data.Message.<init> : ignorando enhance de set del campo "es.deusto.server.data.Message.text"
10:25:45,376 (main) DEBUG [DataNucleus.Enhancer] - Enhancing metodo original es.deusto.server.data.Message.<init> : ignorando enhance de set del campo "es.deusto.server.data.Message.text"
10:25:45,376 (main) DEBUG [DataNucleus.Enhancer] - Enhancing metodo original es.deusto.server.data.Message.<init> : ignorando enhance de set del campo "es.deusto.server.data.Message.timestamp"
10:25:45,376 (main) DEBUG [DataNucleus.Enhancer] - Enhancing metodo original es.deusto.server.data.Message.getUser, cambiando el uso del campo "es.deusto.server.data.Message.user" para utilisar "dnGetuser()"
10:25:45,376 (main) DEBUG [DataNucleus.Enhancer] - Enhancing metodo original es.deusto.server.data.Message.setUser, cambiando el uso del campo "es.deusto.server.data.Message.user" para utilisar "dnSetuser()"
10:25:45,376 (main) DEBUG [DataNucleus.Enhancer] - Enhancing metodo original es.deusto.server.data.Message.toString, cambiando el uso del campo "es.deusto.server.data.Message.text" para utilisar "dnGettext()"
10:25:45,376 (main) DEBUG [DataNucleus.Enhancer] - Enhancing metodo original es.deusto.server.data.Message.toString, cambiando el uso del campo "es.deusto.server.data.Message.timestamp" para utilisar "dnGettimestamp()"
10:25:45,376 (main) DEBUG [DataNucleus.Enhancer] - Agregando el campo "org.datanucleus.enhancement.StateManager dnStateManager"
10:25:45,376 (main) DEBUG [DataNucleus.Enhancer] - Agregando el campo "byte dnFlags"
10:25:45,376 (main) DEBUG [DataNucleus.Enhancer] - Agregando el campo "[B dnFieldFlags"
10:25:45,376 (main) DEBUG [DataNucleus.Enhancer] - Agregando el campo "java.lang.Class dnPersistableSuperclass"
10:25:45,376 (main) DEBUG [DataNucleus.Enhancer] - Agregando el campo "[Ljava.lang.Class; dnFieldTypes"
10:25:45,376 (main) DEBUG [DataNucleus.Enhancer] - Agregando el campo "[Ljava.lang.String; dnFieldNames"
10:25:45,376 (main) DEBUG [DataNucleus.Enhancer] - Agregando el campo "int dnInheritedFieldCount"
10:25:45,392 (main) DEBUG [DataNucleus.Enhancer] - Agregando el metodo "void <clinit>()"
10:25:45,392 (main) DEBUG [DataNucleus.Enhancer] - Agregando el constructor "es.deusto.server.data.Message()"
10:25:45,392 (main) DEBUG [DataNucleus.Enhancer] - Agregando el metodo "void dnCopyKeyFieldsFromObjectId(org.datanucleus.enhancement.Persistable$ObjectIdFieldConsumer fc, java.lang.Object oid)"
10:25:45,392 (main) DEBUG [DataNucleus.Enhancer] - Agregando el metodo "void dnCopyKeyFieldsFromObjectId(java.lang.Object oid)"
10:25:45,392 (main) DEBUG [DataNucleus.Enhancer] - Agregando el metodo "void dnCopyKeyFieldsToObjectId(java.lang.Object oid)"
10:25:45,392 (main) DEBUG [DataNucleus.Enhancer] - Agregando el metodo "void dnCopyKeyFieldsToObjectId(org.datanucleus.enhancement.Persistable$ObjectIdFieldSupplier fs, java.lang.Object oid)"
10:25:45,392 (main) DEBUG [DataNucleus.Enhancer] - Agregando el metodo "java.lang.Object dnGetObjectId()"
10:25:45,392 (main) DEBUG [DataNucleus.Enhancer] - Agregando el metodo "java.lang.Object dnGetVersion()"
10:25:45,392 (main) DEBUG [DataNucleus.Enhancer] - Agregando el metodo "void dnPreSerialize()"
10:25:45,392 (main) DEBUG [DataNucleus.Enhancer] - Agregando el metodo "org.datanucleus.enhancement.ExecutionContextReference dnGetExecutionContext()"
10:25:45,392 (main) DEBUG [DataNucleus.Enhancer] - Agregando el metodo "org.datanucleus.enhancement.StateManager dnGetStateManager()"
10:25:45,392 (main) DEBUG [DataNucleus.Enhancer] - Agregando el metodo "java.lang.Object dnGetTransactionalObjectId()"
10:25:45,392 (main) DEBUG [DataNucleus.Enhancer] - Agregando el metodo "boolean dnIsDeleted()"
10:25:45,392 (main) DEBUG [DataNucleus.Enhancer] - Agregando el metodo "boolean dnIsDirty()"
10:25:45,392 (main) DEBUG [DataNucleus.Enhancer] - Agregando el metodo "boolean dnIsNew()"
10:25:45,392 (main) DEBUG [DataNucleus.Enhancer] - Agregando el metodo "boolean dnIsPersistent()"
10:25:45,392 (main) DEBUG [DataNucleus.Enhancer] - Agregando el metodo "boolean dnIsTransactional()"
10:25:45,392 (main) DEBUG [DataNucleus.Enhancer] - Agregando el metodo "void dnMakeDirty(java.lang.String fieldName)"
10:25:45,392 (main) DEBUG [DataNucleus.Enhancer] - Agregando el metodo "java.lang.Object dnNewObjectIdInstance()"
10:25:45,392 (main) DEBUG [DataNucleus.Enhancer] - Agregando el metodo "java.lang.Object dnNewObjectIdInstance(java.lang.Object key)"
10:25:45,392 (main) DEBUG [DataNucleus.Enhancer] - Agregando el metodo "void dnProvideFields([I indices)"
10:25:45,392 (main) DEBUG [DataNucleus.Enhancer] - Agregando el metodo "void dnReplaceFields([I indices)"
10:25:45,392 (main) DEBUG [DataNucleus.Enhancer] - Agregando el metodo "void dnReplaceFlags()"
10:25:45,392 (main) DEBUG [DataNucleus.Enhancer] - Agregando el metodo "void dnReplaceStateManager(org.datanucleus.enhancement.StateManager sm)"
10:25:45,392 (main) DEBUG [DataNucleus.Enhancer] - Agregando el metodo "boolean dnIsDetached()"
10:25:45,392 (main) DEBUG [DataNucleus.Enhancer] - Agregando el metodo "org.datanucleus.enhancement.Persistable dnNewInstance(org.datanucleus.enhancement.StateManager sm)"
10:25:45,392 (main) DEBUG [DataNucleus.Enhancer] - Agregando el metodo "org.datanucleus.enhancement.Persistable dnNewInstance(org.datanucleus.enhancement.StateManager sm, java.lang.Object obj)"
10:25:45,392 (main) DEBUG [DataNucleus.Enhancer] - Agregando el metodo "void dnReplaceField(int index)"
10:25:45,392 (main) DEBUG [DataNucleus.Enhancer] - Agregando el metodo "void dnProvideField(int index)"
10:25:45,392 (main) DEBUG [DataNucleus.Enhancer] - Agregando el metodo "void dnCopyField(es.deusto.server.data.Message obj, int index)"
10:25:45,392 (main) DEBUG [DataNucleus.Enhancer] - Agregando el metodo "void dnCopyFields(java.lang.Object obj, [I indices)"
10:25:45,392 (main) DEBUG [DataNucleus.Enhancer] - Agregando el metodo "[Ljava.lang.String; __dnFieldNamesInit()"
10:25:45,392 (main) DEBUG [DataNucleus.Enhancer] - Agregando el metodo "[Ljava.lang.Class; __dnFieldTypesInit()"
10:25:45,392 (main) DEBUG [DataNucleus.Enhancer] - Agregando el metodo "[B __dnFieldFlagsInit()"
10:25:45,392 (main) DEBUG [DataNucleus.Enhancer] - Agregando el metodo "int __dnGetInheritedFieldCount()"
10:25:45,392 (main) DEBUG [DataNucleus.Enhancer] - Agregando el metodo "int dnGetManagedFieldCount()"
10:25:45,392 (main) DEBUG [DataNucleus.Enhancer] - Agregando el metodo "java.lang.Class __dnPersistableSuperclassInit()"
10:25:45,392 (main) DEBUG [DataNucleus.Enhancer] - Agregando el metodo "java.lang.Class ___dn$loadClass(java.lang.String className)"
10:25:45,392 (main) DEBUG [DataNucleus.Enhancer] - Agregando el metodo "java.lang.Object dnSuperClone()"
10:25:45,408 (main) DEBUG [DataNucleus.Enhancer] - Agregando el metodo "void writeObject(java.io.ObjectOutputStream out)"
10:25:45,408 (main) DEBUG [DataNucleus.Enhancer] - Agregando el metodo "java.lang.String dnGettext(es.deusto.server.data.Message objPC)"
10:25:45,408 (main) DEBUG [DataNucleus.Enhancer] - Agregando el metodo "void dnSettext(es.deusto.server.data.Message objPC, java.lang.String val)"
10:25:45,408 (main) DEBUG [DataNucleus.Enhancer] - Agregando el metodo "long dnGettimestamp(es.deusto.server.data.Message objPC)"
10:25:45,408 (main) DEBUG [DataNucleus.Enhancer] - Agregando el metodo "void dnSettimestamp(es.deusto.server.data.Message objPC, long val)"
10:25:45,408 (main) DEBUG [DataNucleus.Enhancer] - Agregando el metodo "es.deusto.server.data.User dnGetuser(es.deusto.server.data.Message objPC)"
10:25:45,408 (main) DEBUG [DataNucleus.Enhancer] - Agregando el metodo "void dnSetuser(es.deusto.server.data.Message objPC, es.deusto.server.data.User val)"
10:25:45,408 (main) INFO  [DataNucleus.Enhancer] - Escribiendo el archivo de clase "C:\Users\Pablo\Desktop\Deusto\3º\2ºsemestre\Quality\BankingSystem\target\classes\es\deusto\server\data\Message.class" con definicion enhanced
10:25:45,408 (main) INFO  [DataNucleus.Enhancer] - ENHANCED (Persistable) : es.deusto.server.data.Message
10:25:45,408 (main) DEBUG [DataNucleus.Enhancer] - Enhance de la clase "es.deusto.server.data.Message" ha terminado
10:25:45,408 (main) DEBUG [DataNucleus.Enhancer] - Enhance de la clase "es.deusto.server.data.User" empezando ...
10:25:45,408 (main) DEBUG [DataNucleus.Enhancer] - La clase "es.deusto.server.data.User" no implementa el interfaz "org.datanucleus.enhancement.Persistable"!
10:25:45,408 (main) DEBUG [DataNucleus.Enhancer] - La clase "es.deusto.server.data.User" no implementa el interfaz "org.datanucleus.enhancement.Detachable"!
10:25:45,408 (main) DEBUG [DataNucleus.Enhancer] - La clase "es.deusto.server.data.User" no tiene el campo "dnStateManager" pero lo necesita
10:25:45,408 (main) DEBUG [DataNucleus.Enhancer] - La clase "es.deusto.server.data.User" no tiene el campo "dnDetachedState" pero lo necesita
10:25:45,408 (main) DEBUG [DataNucleus.Enhancer] - La clase "es.deusto.server.data.User" no tiene el campo "dnInheritedFieldCount" pero lo necesita
10:25:45,408 (main) DEBUG [DataNucleus.Enhancer] - La clase "es.deusto.server.data.User" no tiene el campo "dnFlags" pero lo necesita
10:25:45,408 (main) DEBUG [DataNucleus.Enhancer] - La clase "es.deusto.server.data.User" no tiene el campo "dnFieldTypes" pero lo necesita
10:25:45,408 (main) DEBUG [DataNucleus.Enhancer] - La clase "es.deusto.server.data.User" no tiene el campo "dnFieldNames" pero lo necesita
10:25:45,408 (main) DEBUG [DataNucleus.Enhancer] - La clase "es.deusto.server.data.User" no tiene el campo "dnFieldFlags" pero lo necesita
10:25:45,408 (main) DEBUG [DataNucleus.Enhancer] - La clase "es.deusto.server.data.User" no tiene el campo "dnPersistableSuperclass" pero lo necesita
10:25:45,408 (main) DEBUG [DataNucleus.Enhancer] - La clase "es.deusto.server.data.User" no tiene el metodo "dnReplaceField" pero lo necesita
10:25:45,408 (main) DEBUG [DataNucleus.Enhancer] - La clase "es.deusto.server.data.User" no tiene el metodo "dnGetStateManager" pero lo necesita
10:25:45,408 (main) DEBUG [DataNucleus.Enhancer] - La clase "es.deusto.server.data.User" no tiene el metodo "dnIsTransactional" pero lo necesita
10:25:45,408 (main) DEBUG [DataNucleus.Enhancer] - La clase "es.deusto.server.data.User" no tiene el metodo "dnNewInstance" pero lo necesita
10:25:45,408 (main) DEBUG [DataNucleus.Enhancer] - La clase "es.deusto.server.data.User" no tiene el metodo "dnNewInstance" pero lo necesita
10:25:45,408 (main) DEBUG [DataNucleus.Enhancer] - La clase "es.deusto.server.data.User" no tiene el metodo "dnSuperClone" pero lo necesita
10:25:45,408 (main) DEBUG [DataNucleus.Enhancer] - La clase "es.deusto.server.data.User" no tiene el metodo "dnProvideFields" pero lo necesita
10:25:45,408 (main) DEBUG [DataNucleus.Enhancer] - La clase "es.deusto.server.data.User" no tiene el metodo "___dn$loadClass" pero lo necesita
10:25:45,408 (main) DEBUG [DataNucleus.Enhancer] - La clase "es.deusto.server.data.User" no tiene el metodo "dnGetManagedFieldCount" pero lo necesita
10:25:45,408 (main) DEBUG [DataNucleus.Enhancer] - La clase "es.deusto.server.data.User" no tiene el metodo "dnIsDirty" pero lo necesita
10:25:45,408 (main) DEBUG [DataNucleus.Enhancer] - La clase "es.deusto.server.data.User" no tiene el metodo "dnReplaceStateManager" pero lo necesita
10:25:45,408 (main) DEBUG [DataNucleus.Enhancer] - La clase "es.deusto.server.data.User" no tiene el metodo "dnReplaceFlags" pero lo necesita
10:25:45,408 (main) DEBUG [DataNucleus.Enhancer] - La clase "es.deusto.server.data.User" no tiene el metodo "dnIsDetached" pero lo necesita
10:25:45,408 (main) DEBUG [DataNucleus.Enhancer] - La clase "es.deusto.server.data.User" no tiene el metodo "dnMakeDirty" pero lo necesita
10:25:45,408 (main) DEBUG [DataNucleus.Enhancer] - La clase "es.deusto.server.data.User" no tiene el metodo "__dnPersistableSuperclassInit" pero lo necesita
10:25:45,408 (main) DEBUG [DataNucleus.Enhancer] - La clase "es.deusto.server.data.User" no tiene el metodo "dnIsDeleted" pero lo necesita
10:25:45,408 (main) DEBUG [DataNucleus.Enhancer] - La clase "es.deusto.server.data.User" no tiene el metodo "__dnFieldFlagsInit" pero lo necesita
10:25:45,408 (main) DEBUG [DataNucleus.Enhancer] - La clase "es.deusto.server.data.User" no tiene el metodo "__dnFieldTypesInit" pero lo necesita
10:25:45,408 (main) DEBUG [DataNucleus.Enhancer] - La clase "es.deusto.server.data.User" no tiene el metodo "dnProvideField" pero lo necesita
10:25:45,408 (main) DEBUG [DataNucleus.Enhancer] - La clase "es.deusto.server.data.User" no tiene el metodo "dnPreSerialize" pero lo necesita
10:25:45,408 (main) DEBUG [DataNucleus.Enhancer] - La clase "es.deusto.server.data.User" no tiene el metodo "dnGetObjectId" pero lo necesita
10:25:45,408 (main) DEBUG [DataNucleus.Enhancer] - La clase "es.deusto.server.data.User" no tiene el metodo "dnGetVersion" pero lo necesita
10:25:45,408 (main) DEBUG [DataNucleus.Enhancer] - La clase "es.deusto.server.data.User" no tiene el metodo "dnGetTransactionalObjectId" pero lo necesita
10:25:45,408 (main) DEBUG [DataNucleus.Enhancer] - La clase "es.deusto.server.data.User" no tiene el metodo "dnIsNew" pero lo necesita
10:25:45,408 (main) DEBUG [DataNucleus.Enhancer] - La clase "es.deusto.server.data.User" no tiene el metodo "dnCopyKeyFieldsToObjectId" pero lo necesita
10:25:45,408 (main) DEBUG [DataNucleus.Enhancer] - La clase "es.deusto.server.data.User" no tiene el metodo "dnCopyKeyFieldsToObjectId" pero lo necesita
10:25:45,408 (main) DEBUG [DataNucleus.Enhancer] - La clase "es.deusto.server.data.User" no tiene el metodo "dnCopyField" pero lo necesita
10:25:45,408 (main) DEBUG [DataNucleus.Enhancer] - La clase "es.deusto.server.data.User" no tiene el metodo "dnCopyKeyFieldsFromObjectId" pero lo necesita
10:25:45,423 (main) DEBUG [DataNucleus.Enhancer] - La clase "es.deusto.server.data.User" no tiene el metodo "dnCopyKeyFieldsFromObjectId" pero lo necesita
10:25:45,423 (main) DEBUG [DataNucleus.Enhancer] - La clase "es.deusto.server.data.User" no tiene el metodo "dnGetExecutionContext" pero lo necesita
10:25:45,423 (main) DEBUG [DataNucleus.Enhancer] - La clase "es.deusto.server.data.User" no tiene el metodo "dnCopyFields" pero lo necesita
10:25:45,423 (main) DEBUG [DataNucleus.Enhancer] - La clase "es.deusto.server.data.User" no tiene el metodo "__dnGetInheritedFieldCount" pero lo necesita
10:25:45,423 (main) DEBUG [DataNucleus.Enhancer] - La clase "es.deusto.server.data.User" no tiene el metodo "dnNewObjectIdInstance" pero lo necesita
10:25:45,423 (main) DEBUG [DataNucleus.Enhancer] - La clase "es.deusto.server.data.User" no tiene el metodo "dnNewObjectIdInstance" pero lo necesita
10:25:45,423 (main) DEBUG [DataNucleus.Enhancer] - La clase "es.deusto.server.data.User" no tiene el metodo "dnReplaceDetachedState" pero lo necesita
10:25:45,423 (main) DEBUG [DataNucleus.Enhancer] - La clase "es.deusto.server.data.User" no tiene el metodo "dnIsPersistent" pero lo necesita
10:25:45,423 (main) DEBUG [DataNucleus.Enhancer] - La clase "es.deusto.server.data.User" no tiene el metodo "dnReplaceFields" pero lo necesita
10:25:45,423 (main) DEBUG [DataNucleus.Enhancer] - La clase "es.deusto.server.data.User" no tiene el metodo "__dnFieldNamesInit" pero lo necesita
10:25:45,423 (main) DEBUG [DataNucleus.Enhancer] - Agregando el interfaz: org.datanucleus.enhancement.Detachable
10:25:45,423 (main) DEBUG [DataNucleus.Enhancer] - Agregando el interfaz: org.datanucleus.enhancement.Persistable
10:25:45,423 (main) DEBUG [DataNucleus.Enhancer] - Enhancing metodo original es.deusto.server.data.User.<init> : ignorando enhance de set del campo "es.deusto.server.data.User.login"
10:25:45,423 (main) DEBUG [DataNucleus.Enhancer] - Enhancing metodo original es.deusto.server.data.User.<init> : ignorando enhance de set del campo "es.deusto.server.data.User.password"
10:25:45,423 (main) DEBUG [DataNucleus.Enhancer] - Enhancing metodo original es.deusto.server.data.User.<init> : ignorando enhance de set del campo "es.deusto.server.data.User.messages"
10:25:45,423 (main) DEBUG [DataNucleus.Enhancer] - Enhancing metodo original es.deusto.server.data.User.<init> : ignorando enhance de set del campo "es.deusto.server.data.User.login"
10:25:45,423 (main) DEBUG [DataNucleus.Enhancer] - Enhancing metodo original es.deusto.server.data.User.<init> : ignorando enhance de set del campo "es.deusto.server.data.User.password"
10:25:45,423 (main) DEBUG [DataNucleus.Enhancer] - Enhancing metodo original es.deusto.server.data.User.addMessage, cambiando el uso del campo "es.deusto.server.data.User.messages" para utilisar "dnGetmessages()"
10:25:45,423 (main) DEBUG [DataNucleus.Enhancer] - Enhancing metodo original es.deusto.server.data.User.removeMessage, cambiando el uso del campo "es.deusto.server.data.User.messages" para utilisar "dnGetmessages()"
10:25:45,423 (main) DEBUG [DataNucleus.Enhancer] - Enhancing metodo original es.deusto.server.data.User.getLogin, cambiando el uso del campo "es.deusto.server.data.User.login" para utilisar "dnGetlogin()"
10:25:45,423 (main) DEBUG [DataNucleus.Enhancer] - Enhancing metodo original es.deusto.server.data.User.getPassword, cambiando el uso del campo "es.deusto.server.data.User.password" para utilisar "dnGetpassword()"
10:25:45,423 (main) DEBUG [DataNucleus.Enhancer] - Enhancing metodo original es.deusto.server.data.User.setPassword, cambiando el uso del campo "es.deusto.server.data.User.password" para utilisar "dnSetpassword()"
10:25:45,423 (main) DEBUG [DataNucleus.Enhancer] - Enhancing metodo original es.deusto.server.data.User.getMessages, cambiando el uso del campo "es.deusto.server.data.User.messages" para utilisar "dnGetmessages()"
10:25:45,423 (main) DEBUG [DataNucleus.Enhancer] - Enhancing metodo original es.deusto.server.data.User.toString, cambiando el uso del campo "es.deusto.server.data.User.messages" para utilisar "dnGetmessages()"
10:25:45,423 (main) DEBUG [DataNucleus.Enhancer] - Enhancing metodo original es.deusto.server.data.User.toString, cambiando el uso del campo "es.deusto.server.data.User.login" para utilisar "dnGetlogin()"
10:25:45,423 (main) DEBUG [DataNucleus.Enhancer] - Enhancing metodo original es.deusto.server.data.User.toString, cambiando el uso del campo "es.deusto.server.data.User.password" para utilisar "dnGetpassword()"
10:25:45,423 (main) DEBUG [DataNucleus.Enhancer] - Enhancing metodo original es.deusto.server.data.User.toString, cambiando el uso del campo "es.deusto.server.data.User.messages" para utilisar "dnGetmessages()"
10:25:45,423 (main) DEBUG [DataNucleus.Enhancer] - Enhancing metodo original es.deusto.server.data.User.toString, cambiando el uso del campo "es.deusto.server.data.User.login" para utilisar "dnGetlogin()"
10:25:45,423 (main) DEBUG [DataNucleus.Enhancer] - Enhancing metodo original es.deusto.server.data.User.toString, cambiando el uso del campo "es.deusto.server.data.User.password" para utilisar "dnGetpassword()"
10:25:45,423 (main) DEBUG [DataNucleus.Enhancer] - Agregando el campo "org.datanucleus.enhancement.StateManager dnStateManager"
10:25:45,423 (main) DEBUG [DataNucleus.Enhancer] - Agregando el campo "byte dnFlags"
10:25:45,423 (main) DEBUG [DataNucleus.Enhancer] - Agregando el campo "[Ljava.lang.Object; dnDetachedState"
10:25:45,423 (main) DEBUG [DataNucleus.Enhancer] - Agregando el campo "[B dnFieldFlags"
10:25:45,423 (main) DEBUG [DataNucleus.Enhancer] - Agregando el campo "java.lang.Class dnPersistableSuperclass"
10:25:45,423 (main) DEBUG [DataNucleus.Enhancer] - Agregando el campo "[Ljava.lang.Class; dnFieldTypes"
10:25:45,423 (main) DEBUG [DataNucleus.Enhancer] - Agregando el campo "[Ljava.lang.String; dnFieldNames"
10:25:45,423 (main) DEBUG [DataNucleus.Enhancer] - Agregando el campo "int dnInheritedFieldCount"
10:25:45,423 (main) DEBUG [DataNucleus.Enhancer] - Agregando el metodo "void <clinit>()"
10:25:45,423 (main) DEBUG [DataNucleus.Enhancer] - Agregando el constructor "es.deusto.server.data.User()"
10:25:45,423 (main) DEBUG [DataNucleus.Enhancer] - Agregando el metodo "void dnCopyKeyFieldsFromObjectId(org.datanucleus.enhancement.Persistable$ObjectIdFieldConsumer fc, java.lang.Object oid)"
10:25:45,423 (main) DEBUG [DataNucleus.Enhancer] - Agregando el metodo "void dnCopyKeyFieldsFromObjectId(java.lang.Object oid)"
10:25:45,423 (main) DEBUG [DataNucleus.Enhancer] - Agregando el metodo "void dnCopyKeyFieldsToObjectId(java.lang.Object oid)"
10:25:45,423 (main) DEBUG [DataNucleus.Enhancer] - Agregando el metodo "void dnCopyKeyFieldsToObjectId(org.datanucleus.enhancement.Persistable$ObjectIdFieldSupplier fs, java.lang.Object oid)"
10:25:45,423 (main) DEBUG [DataNucleus.Enhancer] - Agregando el metodo "java.lang.Object dnGetObjectId()"
10:25:45,423 (main) DEBUG [DataNucleus.Enhancer] - Agregando el metodo "java.lang.Object dnGetVersion()"
10:25:45,423 (main) DEBUG [DataNucleus.Enhancer] - Agregando el metodo "void dnPreSerialize()"
10:25:45,423 (main) DEBUG [DataNucleus.Enhancer] - Agregando el metodo "org.datanucleus.enhancement.ExecutionContextReference dnGetExecutionContext()"
10:25:45,423 (main) DEBUG [DataNucleus.Enhancer] - Agregando el metodo "org.datanucleus.enhancement.StateManager dnGetStateManager()"
10:25:45,423 (main) DEBUG [DataNucleus.Enhancer] - Agregando el metodo "java.lang.Object dnGetTransactionalObjectId()"
10:25:45,423 (main) DEBUG [DataNucleus.Enhancer] - Agregando el metodo "boolean dnIsDeleted()"
10:25:45,423 (main) DEBUG [DataNucleus.Enhancer] - Agregando el metodo "boolean dnIsDirty()"
10:25:45,423 (main) DEBUG [DataNucleus.Enhancer] - Agregando el metodo "boolean dnIsNew()"
10:25:45,423 (main) DEBUG [DataNucleus.Enhancer] - Agregando el metodo "boolean dnIsPersistent()"
10:25:45,423 (main) DEBUG [DataNucleus.Enhancer] - Agregando el metodo "boolean dnIsTransactional()"
10:25:45,423 (main) DEBUG [DataNucleus.Enhancer] - Agregando el metodo "void dnMakeDirty(java.lang.String fieldName)"
10:25:45,423 (main) DEBUG [DataNucleus.Enhancer] - Agregando el metodo "java.lang.Object dnNewObjectIdInstance()"
10:25:45,423 (main) DEBUG [DataNucleus.Enhancer] - Agregando el metodo "java.lang.Object dnNewObjectIdInstance(java.lang.Object key)"
10:25:45,423 (main) DEBUG [DataNucleus.Enhancer] - Agregando el metodo "void dnProvideFields([I indices)"
10:25:45,423 (main) DEBUG [DataNucleus.Enhancer] - Agregando el metodo "void dnReplaceFields([I indices)"
10:25:45,423 (main) DEBUG [DataNucleus.Enhancer] - Agregando el metodo "void dnReplaceFlags()"
10:25:45,423 (main) DEBUG [DataNucleus.Enhancer] - Agregando el metodo "void dnReplaceStateManager(org.datanucleus.enhancement.StateManager sm)"
10:25:45,423 (main) DEBUG [DataNucleus.Enhancer] - Agregando el metodo "void dnReplaceDetachedState()"
10:25:45,423 (main) DEBUG [DataNucleus.Enhancer] - Agregando el metodo "boolean dnIsDetached()"
10:25:45,423 (main) DEBUG [DataNucleus.Enhancer] - Agregando el metodo "org.datanucleus.enhancement.Persistable dnNewInstance(org.datanucleus.enhancement.StateManager sm)"
10:25:45,423 (main) DEBUG [DataNucleus.Enhancer] - Agregando el metodo "org.datanucleus.enhancement.Persistable dnNewInstance(org.datanucleus.enhancement.StateManager sm, java.lang.Object obj)"
10:25:45,423 (main) DEBUG [DataNucleus.Enhancer] - Agregando el metodo "void dnReplaceField(int index)"
10:25:45,423 (main) DEBUG [DataNucleus.Enhancer] - Agregando el metodo "void dnProvideField(int index)"
10:25:45,423 (main) DEBUG [DataNucleus.Enhancer] - Agregando el metodo "void dnCopyField(es.deusto.server.data.User obj, int index)"
10:25:45,423 (main) DEBUG [DataNucleus.Enhancer] - Agregando el metodo "void dnCopyFields(java.lang.Object obj, [I indices)"
10:25:45,423 (main) DEBUG [DataNucleus.Enhancer] - Agregando el metodo "[Ljava.lang.String; __dnFieldNamesInit()"
10:25:45,423 (main) DEBUG [DataNucleus.Enhancer] - Agregando el metodo "[Ljava.lang.Class; __dnFieldTypesInit()"
10:25:45,423 (main) DEBUG [DataNucleus.Enhancer] - Agregando el metodo "[B __dnFieldFlagsInit()"
10:25:45,423 (main) DEBUG [DataNucleus.Enhancer] - Agregando el metodo "int __dnGetInheritedFieldCount()"
10:25:45,423 (main) DEBUG [DataNucleus.Enhancer] - Agregando el metodo "int dnGetManagedFieldCount()"
10:25:45,423 (main) DEBUG [DataNucleus.Enhancer] - Agregando el metodo "java.lang.Class __dnPersistableSuperclassInit()"
10:25:45,423 (main) DEBUG [DataNucleus.Enhancer] - Agregando el metodo "java.lang.Class ___dn$loadClass(java.lang.String className)"
10:25:45,423 (main) DEBUG [DataNucleus.Enhancer] - Agregando el metodo "java.lang.Object dnSuperClone()"
10:25:45,423 (main) DEBUG [DataNucleus.Enhancer] - Agregando el metodo "void writeObject(java.io.ObjectOutputStream out)"
10:25:45,423 (main) DEBUG [DataNucleus.Enhancer] - Agregando el metodo "java.lang.String dnGetlogin(es.deusto.server.data.User objPC)"
10:25:45,423 (main) DEBUG [DataNucleus.Enhancer] - Agregando el metodo "void dnSetlogin(es.deusto.server.data.User objPC, java.lang.String val)"
10:25:45,423 (main) DEBUG [DataNucleus.Enhancer] - Agregando el metodo "java.util.List dnGetmessages(es.deusto.server.data.User objPC)"
10:25:45,423 (main) DEBUG [DataNucleus.Enhancer] - Agregando el metodo "void dnSetmessages(es.deusto.server.data.User objPC, java.util.List val)"
10:25:45,423 (main) DEBUG [DataNucleus.Enhancer] - Agregando el metodo "java.lang.String dnGetpassword(es.deusto.server.data.User objPC)"
10:25:45,423 (main) DEBUG [DataNucleus.Enhancer] - Agregando el metodo "void dnSetpassword(es.deusto.server.data.User objPC, java.lang.String val)"
10:25:45,423 (main) INFO  [DataNucleus.Enhancer] - Escribiendo el archivo de clase "C:\Users\Pablo\Desktop\Deusto\3º\2ºsemestre\Quality\BankingSystem\target\classes\es\deusto\server\data\User.class" con definicion enhanced
10:25:45,439 (main) INFO  [DataNucleus.Enhancer] - ENHANCED (Persistable) : es.deusto.server.data.User
10:25:45,439 (main) DEBUG [DataNucleus.Enhancer] - Enhance de la clase "es.deusto.server.data.User" ha terminado
10:25:45,439 (main) INFO  [DataNucleus.Enhancer] - DataNucleus Enhancer ha terminado con exito para 2 clases. Tiempos : input=344 ms, enhance=94 ms, total=438 ms. Compruebe el LOG para los detalles
